{
  "RSpec": {
    "coverage": {
      "/home/avinash/Desktop/cpalette/lib/cpalette.rb": [
        1,
        null,
        1,
        null,
        null,
        null,
        null,
        null,
        null,
        null,
        1,
        10,
        1,
        null,
        9,
        4,
        null,
        5,
        null,
        9,
        9,
        9,
        9,
        null,
        10,
        null,
        null,
        null,
        1,
        27,
        27,
        27,
        4,
        null,
        23,
        9,
        null,
        14,
        5,
        null,
        9,
        null,
        null,
        null,
        null,
        null,
        null,
        null,
        null,
        1,
        9,
        9,
        9,
        9,
        null,
        null,
        null,
        null,
        null,
        null,
        null,
        1,
        2,
        2,
        2,
        2,
        2,
        2,
        8,
        8,
        null,
        2,
        2,
        8,
        8,
        8,
        8,
        8,
        8,
        8,
        8,
        null,
        null,
        2,
        1,
        1,
        1,
        4,
        null,
        1,
        null,
        null,
        null,
        2,
        null,
        null
      ],
      "/home/avinash/Desktop/cpalette/spec/cpalette_spec.rb": [
        1,
        null,
        1,
        1,
        2,
        1,
        1,
        null,
        1,
        1,
        null,
        null,
        1,
        2,
        1,
        1,
        null,
        null,
        1,
        1,
        1,
        null,
        1,
        1,
        null,
        null,
        null
      ]
    },
    "timestamp": 1412775421
  }
}
